<?xml version="1.0" encoding="UTF-8"?>
<!-- Generated by org.testng.reporters.JUnitReportReporter -->
<testsuite hostname="Aman" name="com.testng.TestNgBasics" tests="3" failures="0" timestamp="27 Nov 2019 19:12:47 GMT" time="0.012" errors="0">
  <testcase name="Test3" time="0.001" classname="com.testng.TestNgBasics"/>
  <testcase name="Test2" time="0.001" classname="com.testng.TestNgBasics"/>
  <testcase name="Test1" time="0.010" classname="com.testng.TestNgBasics"/>
</testsuite> <!-- com.testng.TestNgBasics -->
